Project/BikeTrack/app/build/intermediates/manifest_merge_blame_file/release/manifest-merger-blame-release-report.txt
1<?xml version="1.0" encoding="utf-8"?>
2<manifest xmlns:android="http://schemas.android.com/apk/res/android"
3    package="pt.ua.cm.biketrack"
4    android:versionCode="1"
5    android:versionName="1.0" >
6
7    <uses-sdk
8        android:minSdkVersion="26"
8-->src\main\AndroidManifest.xml
9        android:targetSdkVersion="30" />
9-->src\main\AndroidManifest.xml
10
11    <!--
12         The ACCESS_COARSE/FINE_LOCATION permissions are not required to use
13         Google Maps Android API v2, but you must specify either coarse or fine
14         location permissions for the "MyLocation" functionality.
15    -->
16    <uses-permission android:name="android.permission.INTERNET" />
16-->src\main\AndroidManifest.xml:10:5-66
16-->src\main\AndroidManifest.xml:10:22-64
17    <uses-permission android:name="android.permission.ACCESS_FINE_LOCATION" />
17-->src\main\AndroidManifest.xml:11:5-79
17-->src\main\AndroidManifest.xml:11:22-76
18    <uses-permission android:name="android.permission.CAMERA" />
18-->src\main\AndroidManifest.xml:12:5-64
18-->src\main\AndroidManifest.xml:12:22-62
19    <uses-permission android:name="android.permission.READ_EXTERNAL_STORAGE" />
19-->src\main\AndroidManifest.xml:13:5-80
19-->src\main\AndroidManifest.xml:13:22-77
20    <uses-permission android:name="android.permission.WRITE_EXTERNAL_STORAGE" />
20-->src\main\AndroidManifest.xml:14:5-81
20-->src\main\AndroidManifest.xml:14:22-78
21
22    <uses-feature
22-->src\main\AndroidManifest.xml:16:5-17:35
23        android:name="android.hardware.camera"
23-->src\main\AndroidManifest.xml:16:19-57
24        android:required="true" />
24-->src\main\AndroidManifest.xml:17:9-32
25
26    <uses-permission android:name="android.permission.ACCESS_WIFI_STATE" /> <!-- Include required permissions for Google Maps API to run. -->
26-->[com.google.android.libraries.places:places:2.4.0] AndroidManifest.xml:10:5-76
26-->[com.google.android.libraries.places:places:2.4.0] AndroidManifest.xml:10:22-73
27    <uses-permission android:name="android.permission.ACCESS_NETWORK_STATE" />
27-->[com.google.android.gms:play-services-maps:17.0.0] AndroidManifest.xml:23:5-79
27-->[com.google.android.gms:play-services-maps:17.0.0] AndroidManifest.xml:23:22-76
28
29    <uses-feature
29-->[com.google.android.gms:play-services-maps:17.0.0] AndroidManifest.xml:26:5-28:35
30        android:glEsVersion="0x00020000"
30-->[com.google.android.gms:play-services-maps:17.0.0] AndroidManifest.xml:27:9-41
31        android:required="true" />
31-->[com.google.android.gms:play-services-maps:17.0.0] AndroidManifest.xml:28:9-32
32
33    <application
33-->src\main\AndroidManifest.xml:19:5-63:19
34        android:allowBackup="true"
34-->src\main\AndroidManifest.xml:20:9-35
35        android:appComponentFactory="androidx.core.app.CoreComponentFactory"
35-->[androidx.core:core:1.3.1] AndroidManifest.xml:24:18-86
36        android:extractNativeLibs="false"
37        android:icon="@mipmap/ic_launcher"
37-->src\main\AndroidManifest.xml:21:9-43
38        android:label="@string/app_name"
38-->src\main\AndroidManifest.xml:22:9-41
39        android:roundIcon="@mipmap/ic_launcher_round"
39-->src\main\AndroidManifest.xml:23:9-54
40        android:supportsRtl="true"
40-->src\main\AndroidManifest.xml:24:9-35
41        android:theme="@style/Theme.BikeTrack" >
41-->src\main\AndroidManifest.xml:25:9-47
42        <provider
43            android:name="androidx.core.content.FileProvider"
43-->src\main\AndroidManifest.xml:28:13-62
44            android:authorities="pt.ua.cm.biketrack.fileprovider"
44-->src\main\AndroidManifest.xml:29:13-64
45            android:exported="false"
45-->src\main\AndroidManifest.xml:30:13-37
46            android:grantUriPermissions="true" >
46-->src\main\AndroidManifest.xml:31:13-47
47            <meta-data
47-->src\main\AndroidManifest.xml:32:13-34:63
48                android:name="android.support.FILE_PROVIDER_PATHS"
48-->src\main\AndroidManifest.xml:33:17-67
49                android:resource="@xml/file_provider_paths" />
49-->src\main\AndroidManifest.xml:34:17-60
50        </provider>
51
52        <!--
53             The API key for Google Maps-based APIs is defined as a string resource.
54             (See the file "res/values/google_maps_api.xml").
55             Note that the API key is linked to the encryption key used to sign the APK.
56             You need a different API key for each encryption key, including the release key that is used to
57             sign the APK for publishing.
58             You can define the keys for the debug and release targets in src/debug/ and src/release/.
59        -->
60        <meta-data
60-->src\main\AndroidManifest.xml:48:9-50:55
61            android:name="com.google.android.geo.API_KEY"
61-->src\main\AndroidManifest.xml:49:13-58
62            android:value="@string/google_maps_key" />
62-->src\main\AndroidManifest.xml:50:13-52
63
64        <activity
64-->src\main\AndroidManifest.xml:52:9-62:20
65            android:name="pt.ua.cm.biketrack.MainActivity"
65-->src\main\AndroidManifest.xml:53:13-41
66            android:theme="@style/SplashTheme" >
66-->src\main\AndroidManifest.xml:54:13-47
67            android:label="@string/app_name">
68            <intent-filter>
68-->src\main\AndroidManifest.xml:56:13-61:29
69                <action android:name="android.intent.action.MAIN" />
69-->src\main\AndroidManifest.xml:57:17-69
69-->src\main\AndroidManifest.xml:57:25-66
70
71                <category android:name="android.intent.category.LAUNCHER" />
71-->src\main\AndroidManifest.xml:59:17-77
71-->src\main\AndroidManifest.xml:59:27-74
72            </intent-filter>
73        </activity>
74        <activity
74-->[com.google.android.libraries.places:places:2.4.0] AndroidManifest.xml:14:9-20:20
75            android:name="com.google.android.libraries.places.widget.AutocompleteActivity"
75-->[com.google.android.libraries.places:places:2.4.0] AndroidManifest.xml:15:13-91
76            android:exported="false"
76-->[com.google.android.libraries.places:places:2.4.0] AndroidManifest.xml:16:13-37
77            android:label="@string/places_autocomplete_label"
77-->[com.google.android.libraries.places:places:2.4.0] AndroidManifest.xml:17:13-62
78            android:theme="@style/PlacesAutocompleteOverlay"
78-->[com.google.android.libraries.places:places:2.4.0] AndroidManifest.xml:18:13-61
79            android:windowSoftInputMode="adjustResize" >
79-->[com.google.android.libraries.places:places:2.4.0] AndroidManifest.xml:19:13-55
80        </activity>
81
82        <service
82-->[androidx.room:room-runtime:2.2.6] AndroidManifest.xml:25:9-28:40
83            android:name="androidx.room.MultiInstanceInvalidationService"
83-->[androidx.room:room-runtime:2.2.6] AndroidManifest.xml:26:13-74
84            android:directBootAware="true"
84-->[androidx.room:room-runtime:2.2.6] AndroidManifest.xml:27:13-43
85            android:exported="false" /> <!-- Needs to be explicitly declared on P+ -->
85-->[androidx.room:room-runtime:2.2.6] AndroidManifest.xml:28:13-37
86        <uses-library
86-->[com.google.android.gms:play-services-maps:17.0.0] AndroidManifest.xml:33:9-35:40
87            android:name="org.apache.http.legacy"
87-->[com.google.android.gms:play-services-maps:17.0.0] AndroidManifest.xml:34:13-50
88            android:required="false" />
88-->[com.google.android.gms:play-services-maps:17.0.0] AndroidManifest.xml:35:13-37
89
90        <activity
90-->[com.google.firebase:firebase-auth:20.0.2] AndroidManifest.xml:27:9-44:20
91            android:name="com.google.firebase.auth.internal.GenericIdpActivity"
91-->[com.google.firebase:firebase-auth:20.0.2] AndroidManifest.xml:28:13-80
92            android:excludeFromRecents="true"
92-->[com.google.firebase:firebase-auth:20.0.2] AndroidManifest.xml:29:13-46
93            android:exported="true"
93-->[com.google.firebase:firebase-auth:20.0.2] AndroidManifest.xml:30:13-36
94            android:launchMode="singleTask"
94-->[com.google.firebase:firebase-auth:20.0.2] AndroidManifest.xml:31:13-44
95            android:theme="@android:style/Theme.Translucent.NoTitleBar" >
95-->[com.google.firebase:firebase-auth:20.0.2] AndroidManifest.xml:32:13-72
96            <intent-filter>
96-->[com.google.firebase:firebase-auth:20.0.2] AndroidManifest.xml:33:13-43:29
97                <action android:name="android.intent.action.VIEW" />
97-->[com.google.firebase:firebase-auth:20.0.2] AndroidManifest.xml:34:17-69
97-->[com.google.firebase:firebase-auth:20.0.2] AndroidManifest.xml:34:25-66
98
99                <category android:name="android.intent.category.DEFAULT" />
99-->[com.google.firebase:firebase-auth:20.0.2] AndroidManifest.xml:36:17-76
99-->[com.google.firebase:firebase-auth:20.0.2] AndroidManifest.xml:36:27-73
100                <category android:name="android.intent.category.BROWSABLE" />
100-->[com.google.firebase:firebase-auth:20.0.2] AndroidManifest.xml:37:17-78
100-->[com.google.firebase:firebase-auth:20.0.2] AndroidManifest.xml:37:27-75
101
102                <data
102-->[com.google.firebase:firebase-auth:20.0.2] AndroidManifest.xml:39:17-42:51
103                    android:host="firebase.auth"
103-->[com.google.firebase:firebase-auth:20.0.2] AndroidManifest.xml:40:21-49
104                    android:path="/"
104-->[com.google.firebase:firebase-auth:20.0.2] AndroidManifest.xml:41:21-37
105                    android:scheme="genericidp" />
105-->[com.google.firebase:firebase-auth:20.0.2] AndroidManifest.xml:42:21-48
106            </intent-filter>
107        </activity>
108        <activity
108-->[com.google.firebase:firebase-auth:20.0.2] AndroidManifest.xml:45:9-62:20
109            android:name="com.google.firebase.auth.internal.RecaptchaActivity"
109-->[com.google.firebase:firebase-auth:20.0.2] AndroidManifest.xml:46:13-79
110            android:excludeFromRecents="true"
110-->[com.google.firebase:firebase-auth:20.0.2] AndroidManifest.xml:47:13-46
111            android:exported="true"
111-->[com.google.firebase:firebase-auth:20.0.2] AndroidManifest.xml:48:13-36
112            android:launchMode="singleTask"
112-->[com.google.firebase:firebase-auth:20.0.2] AndroidManifest.xml:49:13-44
113            android:theme="@android:style/Theme.Translucent.NoTitleBar" >
113-->[com.google.firebase:firebase-auth:20.0.2] AndroidManifest.xml:50:13-72
114            <intent-filter>
114-->[com.google.firebase:firebase-auth:20.0.2] AndroidManifest.xml:51:13-61:29
115                <action android:name="android.intent.action.VIEW" />
115-->[com.google.firebase:firebase-auth:20.0.2] AndroidManifest.xml:34:17-69
115-->[com.google.firebase:firebase-auth:20.0.2] AndroidManifest.xml:34:25-66
116
117                <category android:name="android.intent.category.DEFAULT" />
117-->[com.google.firebase:firebase-auth:20.0.2] AndroidManifest.xml:36:17-76
117-->[com.google.firebase:firebase-auth:20.0.2] AndroidManifest.xml:36:27-73
118                <category android:name="android.intent.category.BROWSABLE" />
118-->[com.google.firebase:firebase-auth:20.0.2] AndroidManifest.xml:37:17-78
118-->[com.google.firebase:firebase-auth:20.0.2] AndroidManifest.xml:37:27-75
119
120                <data
120-->[com.google.firebase:firebase-auth:20.0.2] AndroidManifest.xml:39:17-42:51
121                    android:host="firebase.auth"
121-->[com.google.firebase:firebase-auth:20.0.2] AndroidManifest.xml:40:21-49
122                    android:path="/"
122-->[com.google.firebase:firebase-auth:20.0.2] AndroidManifest.xml:41:21-37
123                    android:scheme="recaptcha" />
123-->[com.google.firebase:firebase-auth:20.0.2] AndroidManifest.xml:42:21-48
124            </intent-filter>
125        </activity>
126
127        <service
127-->[com.google.firebase:firebase-auth:20.0.2] AndroidManifest.xml:64:9-73:19
128            android:name="com.google.firebase.auth.api.fallback.service.FirebaseAuthFallbackService"
128-->[com.google.firebase:firebase-auth:20.0.2] AndroidManifest.xml:65:13-101
129            android:enabled="true"
129-->[com.google.firebase:firebase-auth:20.0.2] AndroidManifest.xml:66:13-35
130            android:exported="false" >
130-->[com.google.firebase:firebase-auth:20.0.2] AndroidManifest.xml:67:13-37
131            <intent-filter>
131-->[com.google.firebase:firebase-auth:20.0.2] AndroidManifest.xml:68:13-72:29
132                <action android:name="com.google.firebase.auth.api.gms.service.START" />
132-->[com.google.firebase:firebase-auth:20.0.2] AndroidManifest.xml:69:17-89
132-->[com.google.firebase:firebase-auth:20.0.2] AndroidManifest.xml:69:25-86
133
134                <category android:name="android.intent.category.DEFAULT" />
134-->[com.google.firebase:firebase-auth:20.0.2] AndroidManifest.xml:36:17-76
134-->[com.google.firebase:firebase-auth:20.0.2] AndroidManifest.xml:36:27-73
135            </intent-filter>
136        </service>
137        <service
137-->[com.google.firebase:firebase-auth:20.0.2] AndroidManifest.xml:74:9-80:19
138            android:name="com.google.firebase.components.ComponentDiscoveryService"
138-->[com.google.firebase:firebase-auth:20.0.2] AndroidManifest.xml:75:13-84
139            android:directBootAware="true"
139-->[com.google.firebase:firebase-common:19.5.0] AndroidManifest.xml:35:13-43
140            android:exported="false" >
140-->[com.google.firebase:firebase-auth:20.0.2] AndroidManifest.xml:76:13-37
141            <meta-data
141-->[com.google.firebase:firebase-auth:20.0.2] AndroidManifest.xml:77:13-79:85
142                android:name="com.google.firebase.components:com.google.firebase.auth.FirebaseAuthRegistrar"
142-->[com.google.firebase:firebase-auth:20.0.2] AndroidManifest.xml:78:17-109
143                android:value="com.google.firebase.components.ComponentRegistrar" />
143-->[com.google.firebase:firebase-auth:20.0.2] AndroidManifest.xml:79:17-82
144            <meta-data
144-->[com.google.firebase:firebase-database:19.6.0] AndroidManifest.xml:32:13-34:85
145                android:name="com.google.firebase.components:com.google.firebase.database.DatabaseRegistrar"
145-->[com.google.firebase:firebase-database:19.6.0] AndroidManifest.xml:33:17-109
146                android:value="com.google.firebase.components.ComponentRegistrar" />
146-->[com.google.firebase:firebase-database:19.6.0] AndroidManifest.xml:34:17-82
147            <meta-data
147-->[com.google.firebase:firebase-storage:19.2.1] AndroidManifest.xml:33:13-35:85
148                android:name="com.google.firebase.components:com.google.firebase.storage.StorageRegistrar"
148-->[com.google.firebase:firebase-storage:19.2.1] AndroidManifest.xml:34:17-107
149                android:value="com.google.firebase.components.ComponentRegistrar" />
149-->[com.google.firebase:firebase-storage:19.2.1] AndroidManifest.xml:35:17-82
150            <!--
151                This registrar is not defined in the dynamic-module-support sdk itself to allow non-firebase
152                clients to use it as well, by defining this registrar in their own core/common library.
153            -->
154            <meta-data
154-->[com.google.firebase:firebase-common:19.5.0] AndroidManifest.xml:43:13-45:85
155                android:name="com.google.firebase.components:com.google.firebase.dynamicloading.DynamicLoadingRegistrar"
155-->[com.google.firebase:firebase-common:19.5.0] AndroidManifest.xml:44:17-121
156                android:value="com.google.firebase.components.ComponentRegistrar" />
156-->[com.google.firebase:firebase-common:19.5.0] AndroidManifest.xml:45:17-82
157        </service>
158
159        <activity
159-->[com.google.android.gms:play-services-base:17.3.0] AndroidManifest.xml:23:9-26:75
160            android:name="com.google.android.gms.common.api.GoogleApiActivity"
160-->[com.google.android.gms:play-services-base:17.3.0] AndroidManifest.xml:24:13-79
161            android:exported="false"
161-->[com.google.android.gms:play-services-base:17.3.0] AndroidManifest.xml:25:13-37
162            android:theme="@android:style/Theme.Translucent.NoTitleBar" />
162-->[com.google.android.gms:play-services-base:17.3.0] AndroidManifest.xml:26:13-72
163
164        <provider
164-->[com.google.firebase:firebase-common:19.5.0] AndroidManifest.xml:26:9-31:39
165            android:name="com.google.firebase.provider.FirebaseInitProvider"
165-->[com.google.firebase:firebase-common:19.5.0] AndroidManifest.xml:27:13-77
166            android:authorities="pt.ua.cm.biketrack.firebaseinitprovider"
166-->[com.google.firebase:firebase-common:19.5.0] AndroidManifest.xml:28:13-72
167            android:directBootAware="true"
167-->[com.google.firebase:firebase-common:19.5.0] AndroidManifest.xml:29:13-43
168            android:exported="false"
168-->[com.google.firebase:firebase-common:19.5.0] AndroidManifest.xml:30:13-37
169            android:initOrder="100" />
169-->[com.google.firebase:firebase-common:19.5.0] AndroidManifest.xml:31:13-36
170
171        <meta-data
171-->[com.google.android.gms:play-services-basement:17.3.0] AndroidManifest.xml:23:9-25:69
172            android:name="com.google.android.gms.version"
172-->[com.google.android.gms:play-services-basement:17.3.0] AndroidManifest.xml:24:13-58
173            android:value="@integer/google_play_services_version" />
173-->[com.google.android.gms:play-services-basement:17.3.0] AndroidManifest.xml:25:13-66
174
175        <provider
175-->[androidx.lifecycle:lifecycle-process:2.1.0] AndroidManifest.xml:23:9-27:43
176            android:name="androidx.lifecycle.ProcessLifecycleOwnerInitializer"
176-->[androidx.lifecycle:lifecycle-process:2.1.0] AndroidManifest.xml:24:13-79
177            android:authorities="pt.ua.cm.biketrack.lifecycle-process"
177-->[androidx.lifecycle:lifecycle-process:2.1.0] AndroidManifest.xml:25:13-69
178            android:exported="false"
178-->[androidx.lifecycle:lifecycle-process:2.1.0] AndroidManifest.xml:26:13-37
179            android:multiprocess="true" />
179-->[androidx.lifecycle:lifecycle-process:2.1.0] AndroidManifest.xml:27:13-40
180
181        <service
181-->[com.google.android.datatransport:transport-backend-cct:2.3.0] AndroidManifest.xml:29:9-35:19
182            android:name="com.google.android.datatransport.runtime.backends.TransportBackendDiscovery"
182-->[com.google.android.datatransport:transport-backend-cct:2.3.0] AndroidManifest.xml:30:13-103
183            android:exported="false" >
183-->[com.google.android.datatransport:transport-backend-cct:2.3.0] AndroidManifest.xml:31:13-37
184            <meta-data
184-->[com.google.android.datatransport:transport-backend-cct:2.3.0] AndroidManifest.xml:32:13-34:39
185                android:name="backend:com.google.android.datatransport.cct.CctBackendFactory"
185-->[com.google.android.datatransport:transport-backend-cct:2.3.0] AndroidManifest.xml:33:17-94
186                android:value="cct" />
186-->[com.google.android.datatransport:transport-backend-cct:2.3.0] AndroidManifest.xml:34:17-36
187        </service>
188        <service
188-->[com.google.android.datatransport:transport-runtime:2.2.3] AndroidManifest.xml:26:9-30:19
189            android:name="com.google.android.datatransport.runtime.scheduling.jobscheduling.JobInfoSchedulerService"
189-->[com.google.android.datatransport:transport-runtime:2.2.3] AndroidManifest.xml:27:13-117
190            android:exported="false"
190-->[com.google.android.datatransport:transport-runtime:2.2.3] AndroidManifest.xml:28:13-37
191            android:permission="android.permission.BIND_JOB_SERVICE" >
191-->[com.google.android.datatransport:transport-runtime:2.2.3] AndroidManifest.xml:29:13-69
192        </service>
193
194        <receiver
194-->[com.google.android.datatransport:transport-runtime:2.2.3] AndroidManifest.xml:32:9-34:40
195            android:name="com.google.android.datatransport.runtime.scheduling.jobscheduling.AlarmManagerSchedulerBroadcastReceiver"
195-->[com.google.android.datatransport:transport-runtime:2.2.3] AndroidManifest.xml:33:13-132
196            android:exported="false" />
196-->[com.google.android.datatransport:transport-runtime:2.2.3] AndroidManifest.xml:34:13-37
197    </application>
198
199</manifest>